<?xml version="1.0" encoding="UTF-8"?>
<testng-results ignored="0" total="1" passed="1" failed="0" skipped="0">
  <reporter-output>
  </reporter-output>
  <suite started-at="2019-08-21T06:59:12Z" name="Default suite" finished-at="2019-08-21T06:59:28Z" duration-ms="16493">
    <groups>
    </groups>
    <test started-at="2019-08-21T06:59:12Z" name="Default test" finished-at="2019-08-21T06:59:28Z" duration-ms="16493">
      <class name="UsingUtility.UtilityUsing">
        <test-method signature="m1()[pri:0, instance:UsingUtility.UtilityUsing@45b4c3a9]" started-at="2019-08-21T06:59:12Z" name="m1" finished-at="2019-08-21T06:59:28Z" duration-ms="16421" status="PASS">
          <reporter-output>
          </reporter-output>
        </test-method> <!-- m1 -->
      </class> <!-- UsingUtility.UtilityUsing -->
    </test> <!-- Default test -->
  </suite> <!-- Default suite -->
</testng-results>
